mode: set
github.com/datadome/terraform-provider/main.go:9.13,11.41 1 0
github.com/datadome/terraform-provider/main.go:11.41,13.4 1 0
github.com/datadome/terraform-provider/datadome/provider.go:18.34,40.2 1 1
github.com/datadome/terraform-provider/datadome/provider.go:43.104,50.32 4 1
github.com/datadome/terraform-provider/datadome/provider.go:50.32,57.3 2 1
github.com/datadome/terraform-provider/datadome/provider.go:58.2,64.8 5 1
github.com/datadome/terraform-provider/datadome/provider.go:64.8,67.3 2 1
github.com/datadome/terraform-provider/datadome/provider.go:69.2,70.16 2 1
github.com/datadome/terraform-provider/datadome/provider.go:70.16,78.3 2 0
github.com/datadome/terraform-provider/datadome/provider.go:80.2,81.16 2 1
github.com/datadome/terraform-provider/datadome/provider.go:81.16,89.3 2 0
github.com/datadome/terraform-provider/datadome/provider.go:91.2,94.10 1 1
github.com/datadome/terraform-provider/datadome/resource_custom_rule.go:18.44,28.64 1 1
github.com/datadome/terraform-provider/datadome/resource_custom_rule.go:28.64,32.27 4 1
github.com/datadome/terraform-provider/datadome/resource_custom_rule.go:32.27,39.7 2 1
github.com/datadome/terraform-provider/datadome/resource_custom_rule.go:40.6,40.18 1 1
github.com/datadome/terraform-provider/datadome/resource_custom_rule.go:51.64,54.71 3 1
github.com/datadome/terraform-provider/datadome/resource_custom_rule.go:54.71,61.7 2 1
github.com/datadome/terraform-provider/datadome/resource_custom_rule.go:62.6,62.18 1 1
github.com/datadome/terraform-provider/datadome/resource_custom_rule.go:68.64,71.67 3 1
github.com/datadome/terraform-provider/datadome/resource_custom_rule.go:71.67,78.7 2 1
github.com/datadome/terraform-provider/datadome/resource_custom_rule.go:79.6,79.18 1 1
github.com/datadome/terraform-provider/datadome/resource_custom_rule.go:86.64,95.26 3 1
github.com/datadome/terraform-provider/datadome/resource_custom_rule.go:95.26,102.7 2 1
github.com/datadome/terraform-provider/datadome/resource_custom_rule.go:103.6,103.18 1 1
github.com/datadome/terraform-provider/datadome/resource_custom_rule.go:125.114,142.16 6 1
github.com/datadome/terraform-provider/datadome/resource_custom_rule.go:142.16,144.3 1 1
github.com/datadome/terraform-provider/datadome/resource_custom_rule.go:146.2,148.14 2 1
github.com/datadome/terraform-provider/datadome/resource_custom_rule.go:152.112,159.16 5 1
github.com/datadome/terraform-provider/datadome/resource_custom_rule.go:159.16,161.3 1 0
github.com/datadome/terraform-provider/datadome/resource_custom_rule.go:163.2,164.16 2 1
github.com/datadome/terraform-provider/datadome/resource_custom_rule.go:164.16,166.3 1 0
github.com/datadome/terraform-provider/datadome/resource_custom_rule.go:168.2,168.57 1 1
github.com/datadome/terraform-provider/datadome/resource_custom_rule.go:168.57,170.3 1 0
github.com/datadome/terraform-provider/datadome/resource_custom_rule.go:171.2,171.65 1 1
github.com/datadome/terraform-provider/datadome/resource_custom_rule.go:171.65,173.3 1 0
github.com/datadome/terraform-provider/datadome/resource_custom_rule.go:174.2,174.59 1 1
github.com/datadome/terraform-provider/datadome/resource_custom_rule.go:174.59,176.3 1 0
github.com/datadome/terraform-provider/datadome/resource_custom_rule.go:177.2,177.74 1 1
github.com/datadome/terraform-provider/datadome/resource_custom_rule.go:177.74,179.3 1 0
github.com/datadome/terraform-provider/datadome/resource_custom_rule.go:180.2,180.65 1 1
github.com/datadome/terraform-provider/datadome/resource_custom_rule.go:180.65,182.3 1 0
github.com/datadome/terraform-provider/datadome/resource_custom_rule.go:183.2,183.63 1 1
github.com/datadome/terraform-provider/datadome/resource_custom_rule.go:183.63,185.3 1 0
github.com/datadome/terraform-provider/datadome/resource_custom_rule.go:187.2,187.14 1 1
github.com/datadome/terraform-provider/datadome/resource_custom_rule.go:191.114,196.16 4 1
github.com/datadome/terraform-provider/datadome/resource_custom_rule.go:196.16,198.3 1 0
github.com/datadome/terraform-provider/datadome/resource_custom_rule.go:200.2,211.16 3 1
github.com/datadome/terraform-provider/datadome/resource_custom_rule.go:211.16,213.3 1 1
github.com/datadome/terraform-provider/datadome/resource_custom_rule.go:214.2,215.48 2 1
github.com/datadome/terraform-provider/datadome/resource_custom_rule.go:219.114,226.16 5 1
github.com/datadome/terraform-provider/datadome/resource_custom_rule.go:226.16,228.3 1 0
github.com/datadome/terraform-provider/datadome/resource_custom_rule.go:230.2,231.16 2 1
github.com/datadome/terraform-provider/datadome/resource_custom_rule.go:231.16,233.3 1 0
github.com/datadome/terraform-provider/datadome/resource_custom_rule.go:235.2,235.14 1 1
github.com/datadome/terraform-provider/datadome/resource_endpoint.go:17.42,42.64 1 1
github.com/datadome/terraform-provider/datadome/resource_endpoint.go:42.64,52.23 3 1
github.com/datadome/terraform-provider/datadome/resource_endpoint.go:52.23,59.7 2 1
github.com/datadome/terraform-provider/datadome/resource_endpoint.go:60.6,60.18 1 1
github.com/datadome/terraform-provider/datadome/resource_endpoint.go:66.64,69.78 3 1
github.com/datadome/terraform-provider/datadome/resource_endpoint.go:69.78,76.7 2 1
github.com/datadome/terraform-provider/datadome/resource_endpoint.go:77.6,77.18 1 1
github.com/datadome/terraform-provider/datadome/resource_endpoint.go:83.64,86.67 3 1
github.com/datadome/terraform-provider/datadome/resource_endpoint.go:86.67,93.7 2 1
github.com/datadome/terraform-provider/datadome/resource_endpoint.go:94.6,94.18 1 1
github.com/datadome/terraform-provider/datadome/resource_endpoint.go:125.64,128.66 3 1
github.com/datadome/terraform-provider/datadome/resource_endpoint.go:128.66,135.7 2 1
github.com/datadome/terraform-provider/datadome/resource_endpoint.go:136.6,136.18 1 1
github.com/datadome/terraform-provider/datadome/resource_endpoint.go:168.101,172.16 3 1
github.com/datadome/terraform-provider/datadome/resource_endpoint.go:173.13,175.32 2 1
github.com/datadome/terraform-provider/datadome/resource_endpoint.go:175.32,177.4 1 1
github.com/datadome/terraform-provider/datadome/resource_endpoint.go:178.20,180.179 2 1
github.com/datadome/terraform-provider/datadome/resource_endpoint.go:180.179,182.4 1 1
github.com/datadome/terraform-provider/datadome/resource_endpoint.go:185.2,187.44 3 1
github.com/datadome/terraform-provider/datadome/resource_endpoint.go:187.44,189.3 1 1
github.com/datadome/terraform-provider/datadome/resource_endpoint.go:191.2,191.12 1 1
github.com/datadome/terraform-provider/datadome/resource_endpoint.go:195.112,201.8 5 1
github.com/datadome/terraform-provider/datadome/resource_endpoint.go:201.8,204.3 2 1
github.com/datadome/terraform-provider/datadome/resource_endpoint.go:205.2,207.8 3 1
github.com/datadome/terraform-provider/datadome/resource_endpoint.go:207.8,210.3 2 1
github.com/datadome/terraform-provider/datadome/resource_endpoint.go:211.2,213.8 3 1
github.com/datadome/terraform-provider/datadome/resource_endpoint.go:213.8,216.3 2 0
github.com/datadome/terraform-provider/datadome/resource_endpoint.go:217.2,219.8 3 1
github.com/datadome/terraform-provider/datadome/resource_endpoint.go:219.8,222.3 2 0
github.com/datadome/terraform-provider/datadome/resource_endpoint.go:223.2,225.8 3 1
github.com/datadome/terraform-provider/datadome/resource_endpoint.go:225.8,228.3 2 0
github.com/datadome/terraform-provider/datadome/resource_endpoint.go:229.2,231.8 3 1
github.com/datadome/terraform-provider/datadome/resource_endpoint.go:231.8,234.3 2 1
github.com/datadome/terraform-provider/datadome/resource_endpoint.go:236.2,253.16 3 1
github.com/datadome/terraform-provider/datadome/resource_endpoint.go:253.16,255.3 1 0
github.com/datadome/terraform-provider/datadome/resource_endpoint.go:257.2,259.46 2 1
github.com/datadome/terraform-provider/datadome/resource_endpoint.go:263.110,270.16 5 1
github.com/datadome/terraform-provider/datadome/resource_endpoint.go:270.16,272.3 1 0
github.com/datadome/terraform-provider/datadome/resource_endpoint.go:274.2,274.55 1 1
github.com/datadome/terraform-provider/datadome/resource_endpoint.go:274.55,276.3 1 0
github.com/datadome/terraform-provider/datadome/resource_endpoint.go:277.2,277.69 1 1
github.com/datadome/terraform-provider/datadome/resource_endpoint.go:277.69,279.3 1 0
github.com/datadome/terraform-provider/datadome/resource_endpoint.go:280.2,280.76 1 1
github.com/datadome/terraform-provider/datadome/resource_endpoint.go:280.76,282.3 1 0
github.com/datadome/terraform-provider/datadome/resource_endpoint.go:283.2,283.72 1 1
github.com/datadome/terraform-provider/datadome/resource_endpoint.go:283.72,285.3 1 0
github.com/datadome/terraform-provider/datadome/resource_endpoint.go:286.2,286.59 1 1
github.com/datadome/terraform-provider/datadome/resource_endpoint.go:286.59,288.3 1 0
github.com/datadome/terraform-provider/datadome/resource_endpoint.go:289.2,289.77 1 1
github.com/datadome/terraform-provider/datadome/resource_endpoint.go:289.77,291.3 1 0
github.com/datadome/terraform-provider/datadome/resource_endpoint.go:292.2,292.59 1 1
github.com/datadome/terraform-provider/datadome/resource_endpoint.go:292.59,294.3 1 0
github.com/datadome/terraform-provider/datadome/resource_endpoint.go:295.2,295.74 1 1
github.com/datadome/terraform-provider/datadome/resource_endpoint.go:295.74,297.3 1 0
github.com/datadome/terraform-provider/datadome/resource_endpoint.go:298.2,298.74 1 1
github.com/datadome/terraform-provider/datadome/resource_endpoint.go:298.74,300.3 1 0
github.com/datadome/terraform-provider/datadome/resource_endpoint.go:301.2,301.85 1 1
github.com/datadome/terraform-provider/datadome/resource_endpoint.go:301.85,303.3 1 0
github.com/datadome/terraform-provider/datadome/resource_endpoint.go:304.2,304.76 1 1
github.com/datadome/terraform-provider/datadome/resource_endpoint.go:304.76,306.3 1 0
github.com/datadome/terraform-provider/datadome/resource_endpoint.go:307.2,307.80 1 1
github.com/datadome/terraform-provider/datadome/resource_endpoint.go:307.80,309.3 1 0
github.com/datadome/terraform-provider/datadome/resource_endpoint.go:310.2,310.82 1 1
github.com/datadome/terraform-provider/datadome/resource_endpoint.go:310.82,312.3 1 0
github.com/datadome/terraform-provider/datadome/resource_endpoint.go:314.2,314.14 1 1
github.com/datadome/terraform-provider/datadome/resource_endpoint.go:318.112,325.8 6 1
github.com/datadome/terraform-provider/datadome/resource_endpoint.go:325.8,328.3 2 1
github.com/datadome/terraform-provider/datadome/resource_endpoint.go:329.2,331.8 3 1
github.com/datadome/terraform-provider/datadome/resource_endpoint.go:331.8,334.3 2 0
github.com/datadome/terraform-provider/datadome/resource_endpoint.go:335.2,337.8 3 1
github.com/datadome/terraform-provider/datadome/resource_endpoint.go:337.8,340.3 2 0
github.com/datadome/terraform-provider/datadome/resource_endpoint.go:341.2,343.8 3 1
github.com/datadome/terraform-provider/datadome/resource_endpoint.go:343.8,346.3 2 0
github.com/datadome/terraform-provider/datadome/resource_endpoint.go:347.2,349.8 3 1
github.com/datadome/terraform-provider/datadome/resource_endpoint.go:349.8,352.3 2 0
github.com/datadome/terraform-provider/datadome/resource_endpoint.go:353.2,355.8 3 1
github.com/datadome/terraform-provider/datadome/resource_endpoint.go:355.8,358.3 2 1
github.com/datadome/terraform-provider/datadome/resource_endpoint.go:360.2,378.16 3 1
github.com/datadome/terraform-provider/datadome/resource_endpoint.go:378.16,380.3 1 0
github.com/datadome/terraform-provider/datadome/resource_endpoint.go:381.2,383.46 2 1
github.com/datadome/terraform-provider/datadome/resource_endpoint.go:387.112,394.16 5 1
github.com/datadome/terraform-provider/datadome/resource_endpoint.go:394.16,396.3 1 0
github.com/datadome/terraform-provider/datadome/resource_endpoint.go:398.2,398.14 1 1
